WalkMyAndroid-Starter/app/build/intermediates/manifest_merge_blame_file/debug/manifest-merger-blame-debug-report.txt
1<?xml version="1.0" encoding="utf-8"?>
2<!--
3  Copyright 2017 Google Inc.
4
5  Licensed under the Apache License, Version 2.0 (the "License");
6  you may not use this file except in compliance with the License.
7  You may obtain a copy of the License at
8
9       http://www.apache.org/licenses/LICENSE-2.0
10
11  Unless required by applicable law or agreed to in writing, software
12  distributed under the License is distributed on an "AS IS" BASIS,
13  WITHOUT WARRANTIES OR CONDITIONS OF ANY KIND, either express or implied.
14  See the License for the specific language governing permissions and
15  limitations under the License.
16-->
17<manifest xmlns:android="http://schemas.android.com/apk/res/android"
18    package="com.example.android.walkmyandroid"
19    android:versionCode="1"
20    android:versionName="1.0" >
21
22    <uses-sdk
23        android:minSdkVersion="15"
23-->src\main\AndroidManifest.xml
24        android:targetSdkVersion="32" />
24-->src\main\AndroidManifest.xml
25
26    <uses-permission android:name="android.permission.ACCESS_FINE_LOCATION" />
26-->src\main\AndroidManifest.xml:19:4-20:44
26-->src\main\AndroidManifest.xml:19:21-75
27    <uses-permission android:name="android.permission.INTERNET" />
27-->src\main\AndroidManifest.xml:21:5-83
27-->src\main\AndroidManifest.xml:21:22-64
28
29    <application
29-->src\main\AndroidManifest.xml:23:5-39:19
30        android:allowBackup="true"
30-->src\main\AndroidManifest.xml:24:9-35
31        android:appComponentFactory="androidx.core.app.CoreComponentFactory"
31-->[androidx.core:core:1.3.2] AndroidManifest.xml:24:18-86
32        android:debuggable="true"
33        android:icon="@mipmap/ic_launcher"
33-->src\main\AndroidManifest.xml:25:9-43
34        android:label="@string/app_name"
34-->src\main\AndroidManifest.xml:26:9-41
35        android:roundIcon="@mipmap/ic_launcher_round"
35-->src\main\AndroidManifest.xml:27:9-54
36        android:supportsRtl="true"
36-->src\main\AndroidManifest.xml:28:9-35
37        android:testOnly="true"
38        android:theme="@style/AppTheme" >
38-->src\main\AndroidManifest.xml:29:9-40
39        <activity
39-->src\main\AndroidManifest.xml:30:9-37:20
40            android:name="com.example.android.walkmyandroid.MainActivity"
40-->src\main\AndroidManifest.xml:30:19-47
41            android:exported="true" >
41-->src\main\AndroidManifest.xml:31:13-36
42            <intent-filter>
42-->src\main\AndroidManifest.xml:32:13-36:29
43                <action android:name="android.intent.action.MAIN" />
43-->src\main\AndroidManifest.xml:33:17-69
43-->src\main\AndroidManifest.xml:33:25-66
44
45                <category android:name="android.intent.category.LAUNCHER" />
45-->src\main\AndroidManifest.xml:35:17-77
45-->src\main\AndroidManifest.xml:35:27-74
46            </intent-filter>
47        </activity>
48        <activity
48-->[com.google.android.gms:play-services-base:18.1.0] AndroidManifest.xml:20:9-22:45
49            android:name="com.google.android.gms.common.api.GoogleApiActivity"
49-->[com.google.android.gms:play-services-base:18.1.0] AndroidManifest.xml:20:19-85
50            android:exported="false"
50-->[com.google.android.gms:play-services-base:18.1.0] AndroidManifest.xml:22:19-43
51            android:theme="@android:style/Theme.Translucent.NoTitleBar" />
51-->[com.google.android.gms:play-services-base:18.1.0] AndroidManifest.xml:21:19-78
52
53        <meta-data
53-->[com.google.android.gms:play-services-basement:18.1.0] AndroidManifest.xml:21:9-23:69
54            android:name="com.google.android.gms.version"
54-->[com.google.android.gms:play-services-basement:18.1.0] AndroidManifest.xml:22:13-58
55            android:value="@integer/google_play_services_version" />
55-->[com.google.android.gms:play-services-basement:18.1.0] AndroidManifest.xml:23:13-66
56    </application>
57
58</manifest>